Release 14.7 - xst P.20131013 (nt64)
Copyright (c) 1995-2013 Xilinx, Inc.  All rights reserved.
--> Parameter TMPDIR set to xst/projnav.tmp


Total REAL time to Xst completion: 0.00 secs
Total CPU time to Xst completion: 0.08 secs
 
--> Parameter xsthdpdir set to xst


Total REAL time to Xst completion: 0.00 secs
Total CPU time to Xst completion: 0.08 secs
 
--> Reading design: top.prj

TABLE OF CONTENTS
  1) Synthesis Options Summary
  2) HDL Parsing
  3) HDL Elaboration
  4) HDL Synthesis
       4.1) HDL Synthesis Report
  5) Advanced HDL Synthesis
       5.1) Advanced HDL Synthesis Report
  6) Low Level Synthesis
  7) Partition Report
  8) Design Summary
       8.1) Primitive and Black Box Usage
       8.2) Device utilization summary
       8.3) Partition Resource Summary
       8.4) Timing Report
            8.4.1) Clock Information
            8.4.2) Asynchronous Control Signals Information
            8.4.3) Timing Summary
            8.4.4) Timing Details
            8.4.5) Cross Clock Domains Report


=========================================================================
*                      Synthesis Options Summary                        *
=========================================================================
---- Source Parameters
Input File Name                    : "top.prj"
Ignore Synthesis Constraint File   : NO

---- Target Parameters
Output File Name                   : "top"
Output Format                      : NGC
Target Device                      : xc7k160t-2L-ffg676

---- Source Options
Top Module Name                    : top
Automatic FSM Extraction           : YES
FSM Encoding Algorithm             : Auto
Safe Implementation                : No
FSM Style                          : LUT
RAM Extraction                     : Yes
RAM Style                          : Auto
ROM Extraction                     : Yes
Shift Register Extraction          : YES
ROM Style                          : Auto
Resource Sharing                   : YES
Asynchronous To Synchronous        : NO
Shift Register Minimum Size        : 2
Use DSP Block                      : Auto
Automatic Register Balancing       : No

---- Target Options
LUT Combining                      : Auto
Reduce Control Sets                : Auto
Add IO Buffers                     : YES
Global Maximum Fanout              : 100000
Add Generic Clock Buffer(BUFG)     : 32
Register Duplication               : YES
Optimize Instantiated Primitives   : NO
Use Clock Enable                   : Auto
Use Synchronous Set                : Auto
Use Synchronous Reset              : Auto
Pack IO Registers into IOBs        : Auto
Equivalent register Removal        : YES

---- General Options
Optimization Goal                  : Speed
Optimization Effort                : 1
Power Reduction                    : NO
Keep Hierarchy                     : No
Netlist Hierarchy                  : As_Optimized
RTL Output                         : Yes
Global Optimization                : AllClockNets
Read Cores                         : YES
Write Timing Constraints           : NO
Cross Clock Analysis               : NO
Hierarchy Separator                : /
Bus Delimiter                      : <>
Case Specifier                     : Maintain
Slice Utilization Ratio            : 100
BRAM Utilization Ratio             : 100
DSP48 Utilization Ratio            : 100
Auto BRAM Packing                  : NO
Slice Utilization Ratio Delta      : 5

---- Other Options
Cores Search Directories           : {"IO" "ipcore_dir"  }

=========================================================================


=========================================================================
*                          HDL Parsing                                  *
=========================================================================
Analyzing Verilog file "C:\EXt\RF.v" into library work
Parsing module <RF>.
Analyzing Verilog file "C:\EXt\PC.v" into library work
Parsing module <PC>.
Analyzing Verilog file "C:\EXt\NPC.v" into library work
Parsing verilog file "ctrl_encode_def.v" included at line 1.
Parsing module <NPC>.
Analyzing Verilog file "C:\EXt\mux_from_rs2_EXT_to_alu.v" into library work
Parsing module <mux_from_rs2_EXT_to_alu>.
Analyzing Verilog file "C:\EXt\mux_from_dm_alu_to_RF.v" into library work
Parsing module <mux_from_dm_alu_to_RF>.
Analyzing Verilog file "C:\EXt\EXT.v" into library work
Parsing verilog file "ctrl_encode_def.v" included at line 1.
Parsing module <EXT>.
Analyzing Verilog file "C:\EXt\ctrl.v" into library work
Parsing module <ctrl>.
Analyzing Verilog file "C:\EXt\alu.v" into library work
Parsing verilog file "ctrl_encode_def.v" included at line 1.
Parsing module <alu>.
Analyzing Verilog file "C:\EXt\sccpu.v" into library work
Parsing module <sccpu>.
Analyzing Verilog file "C:\EXt\ipcore_dir\ROM_D.v" into library work
Parsing module <ROM_D>.
Analyzing Verilog file "C:\EXt\ipcore_dir\RAM_B.v" into library work
Parsing module <RAM_B>.
Analyzing Verilog file "C:\EXt\IO\SSeg7_Dev_IO.v" into library work
Parsing module <SSeg7_Dev>.
Analyzing Verilog file "C:\EXt\IO\SPIO_IO.v" into library work
Parsing module <SPIO>.
Analyzing Verilog file "C:\EXt\IO\SEnter_2_32_IO.v" into library work
Parsing module <SEnter_2_32>.
Analyzing Verilog file "C:\EXt\IO\SAnti_jitter_IO.v" into library work
Parsing module <SAnti_jitter>.
Analyzing Verilog file "C:\EXt\IO\Multi_8CH32_IO.v" into library work
Parsing module <Multi_8CH32>.
Analyzing Verilog file "C:\EXt\IO\MIO_BUS_IO.v" into library work
Parsing module <MIO_BUS>.
Analyzing Verilog file "C:\EXt\IO\Counter_3_IO.v" into library work
Parsing module <Counter_x>.
Analyzing Verilog file "C:\EXt\IO\clk_div.v" into library work
Parsing module <clk_div>.
Analyzing Verilog file "C:\EXt\top.v" into library work
Parsing module <top>.

=========================================================================
*                            HDL Elaboration                            *
=========================================================================

Elaborating module <top>.
WARNING:HDLCompiler:1127 - "C:\EXt\top.v" Line 48: Assignment to V5 ignored, since the identifier is never used

Elaborating module <SAnti_jitter>.
WARNING:HDLCompiler:1499 - "C:\EXt\IO\SAnti_jitter_IO.v" Line 21: Empty module <SAnti_jitter> remains a black box.
WARNING:HDLCompiler:1127 - "C:\EXt\top.v" Line 60: Assignment to Pulse ignored, since the identifier is never used

Elaborating module <clk_div>.

Elaborating module <SEnter_2_32>.
WARNING:HDLCompiler:1499 - "C:\EXt\IO\SEnter_2_32_IO.v" Line 21: Empty module <SEnter_2_32> remains a black box.
WARNING:HDLCompiler:1127 - "C:\EXt\top.v" Line 79: Assignment to Ai ignored, since the identifier is never used
WARNING:HDLCompiler:1127 - "C:\EXt\top.v" Line 80: Assignment to Bi ignored, since the identifier is never used
WARNING:HDLCompiler:1127 - "C:\EXt\top.v" Line 81: Assignment to blink ignored, since the identifier is never used

Elaborating module <SSeg7_Dev>.
WARNING:HDLCompiler:1499 - "C:\EXt\IO\SSeg7_Dev_IO.v" Line 21: Empty module <SSeg7_Dev> remains a black box.

Elaborating module <sccpu>.

Elaborating module <RF>.
"C:\EXt\RF.v" Line 28. $display r[ 0] = 0x       0,

Elaborating module <ctrl>.

Elaborating module <NPC>.

Elaborating module <PC>.

Elaborating module <EXT>.

Elaborating module <mux_from_rs2_EXT_to_alu>.

Elaborating module <alu>.

Elaborating module <mux_from_dm_alu_to_RF>.

Elaborating module <MIO_BUS>.
WARNING:HDLCompiler:1499 - "C:\EXt\IO\MIO_BUS_IO.v" Line 21: Empty module <MIO_BUS> remains a black box.

Elaborating module <Counter_x>.
WARNING:HDLCompiler:1127 - "C:\EXt\IO\Counter_3_IO.v" Line 43: Assignment to M2 ignored, since the identifier is never used
WARNING:HDLCompiler:634 - "C:\EXt\IO\Counter_3_IO.v" Line 36: Net <counter1[32]> does not have a driver.

Elaborating module <Multi_8CH32>.
WARNING:HDLCompiler:1499 - "C:\EXt\IO\Multi_8CH32_IO.v" Line 21: Empty module <Multi_8CH32> remains a black box.

Elaborating module <SPIO>.
WARNING:HDLCompiler:1499 - "C:\EXt\IO\SPIO_IO.v" Line 21: Empty module <SPIO> remains a black box.

Elaborating module <ROM_D>.
WARNING:HDLCompiler:1499 - "C:\EXt\ipcore_dir\ROM_D.v" Line 39: Empty module <ROM_D> remains a black box.

Elaborating module <RAM_B>.
WARNING:HDLCompiler:1499 - "C:\EXt\ipcore_dir\RAM_B.v" Line 39: Empty module <RAM_B> remains a black box.
WARNING:HDLCompiler:552 - "C:\EXt\top.v" Line 97: Input port reg_sel[4] is not connected on this instance

=========================================================================
*                           HDL Synthesis                               *
=========================================================================

Synthesizing Unit <top>.
    Related source file is "C:\EXt\top.v".
WARNING:Xst:2898 - Port 'reg_sel', unconnected in block instance 'U1', is tied to GND.
INFO:Xst:3210 - "C:\EXt\top.v" line 50: Output port <pulse_out> of the instance <U9> is unconnected or connected to loadless signal.
INFO:Xst:3210 - "C:\EXt\top.v" line 72: Output port <Ai> of the instance <M4> is unconnected or connected to loadless signal.
INFO:Xst:3210 - "C:\EXt\top.v" line 72: Output port <Bi> of the instance <M4> is unconnected or connected to loadless signal.
INFO:Xst:3210 - "C:\EXt\top.v" line 72: Output port <blink> of the instance <M4> is unconnected or connected to loadless signal.
INFO:Xst:3210 - "C:\EXt\top.v" line 97: Output port <ls> of the instance <U1> is unconnected or connected to loadless signal.
INFO:Xst:3210 - "C:\EXt\top.v" line 97: Output port <reg_data> of the instance <U1> is unconnected or connected to loadless signal.
INFO:Xst:3210 - "C:\EXt\top.v" line 166: Output port <GPIOf0> of the instance <U7> is unconnected or connected to loadless signal.
    Summary:
	no macro.
Unit <top> synthesized.

Synthesizing Unit <clk_div>.
    Related source file is "C:\EXt\IO\clk_div.v".
    Found 32-bit register for signal <clkdiv>.
    Found 32-bit adder for signal <clkdiv[31]_GND_3_o_add_0_OUT> created at line 32.
    Summary:
	inferred   1 Adder/Subtractor(s).
	inferred  32 D-type flip-flop(s).
	inferred   1 Multiplexer(s).
Unit <clk_div> synthesized.

Synthesizing Unit <sccpu>.
    Related source file is "C:\EXt\sccpu.v".
    Summary:
	no macro.
Unit <sccpu> synthesized.

Synthesizing Unit <RF>.
    Related source file is "C:\EXt\RF.v".
    Found 1024-bit register for signal <n0055[1023:0]>.
    Found 32-bit 32-to-1 multiplexer for signal <A1[4]_rf[31][31]_wide_mux_36_OUT> created at line 33.
    Found 32-bit 32-to-1 multiplexer for signal <A2[4]_rf[31][31]_wide_mux_39_OUT> created at line 34.
    Summary:
	inferred 1024 D-type flip-flop(s).
	inferred  36 Multiplexer(s).
Unit <RF> synthesized.

Synthesizing Unit <ctrl>.
    Related source file is "C:\EXt\ctrl.v".
    Summary:
	no macro.
Unit <ctrl> synthesized.

Synthesizing Unit <NPC>.
    Related source file is "C:\EXt\NPC.v".
WARNING:Xst:647 - Input <IMM<1:0>> is never used. This port will be preserved and left unconnected if it belongs to a top-level block or it belongs to a sub-block and the hierarchy of this sub-block is preserved.
WARNING:Xst:647 - Input <IMM<31:21>> is never used. This port will be preserved and left unconnected if it belongs to a top-level block or it belongs to a sub-block and the hierarchy of this sub-block is preserved.
    Found 32-bit adder for signal <PCPLUS4> created at line 17.
    Found 32-bit adder for signal <PC[31]_IMM[12]_add_1_OUT> created at line 22.
    Found 32-bit adder for signal <PC[31]_IMM[20]_add_2_OUT> created at line 23.
    Found 32-bit 4-to-1 multiplexer for signal <NPC> created at line 20.
    Summary:
	inferred   1 Adder/Subtractor(s).
	inferred   5 Multiplexer(s).
Unit <NPC> synthesized.

Synthesizing Unit <PC>.
    Related source file is "C:\EXt\PC.v".
    Found 32-bit register for signal <PC>.
    Summary:
	inferred  32 D-type flip-flop(s).
Unit <PC> synthesized.

Synthesizing Unit <EXT>.
    Related source file is "C:\EXt\EXT.v".
    Summary:
	no macro.
Unit <EXT> synthesized.

Synthesizing Unit <mux_from_rs2_EXT_to_alu>.
    Related source file is "C:\EXt\mux_from_rs2_EXT_to_alu.v".
    Summary:
	inferred   1 Multiplexer(s).
Unit <mux_from_rs2_EXT_to_alu> synthesized.

Synthesizing Unit <alu>.
    Related source file is "C:\EXt\alu.v".
    Found 32-bit subtractor for signal <A[31]_B[31]_sub_2_OUT> created at line 25.
    Found 32-bit adder for signal <A[31]_B[31]_add_0_OUT> created at line 23.
    Found 32-bit shifter logical left for signal <A[31]_B[31]_shift_left_5_OUT> created at line 33
    Found 32-bit shifter logical right for signal <A[31]_B[31]_shift_right_6_OUT> created at line 35
    Found 32-bit shifter arithmetic right for signal <A[31]_B[31]_shift_right_7_OUT> created at line 37
    Found 32-bit 13-to-1 multiplexer for signal <C> created at line 19.
    Found 1-bit comparator greater for signal <A[31]_B[31]_LessThan_9_o> created at line 40
    Found 1-bit comparator greater for signal <B[31]_A[31]_LessThan_10_o> created at line 42
    Found 31-bit comparator greater for signal <A[30]_B[30]_LessThan_11_o> created at line 46
    Found 32-bit comparator greater for signal <A[31]_B[31]_LessThan_15_o> created at line 54
    Summary:
	inferred   1 Adder/Subtractor(s).
	inferred   4 Comparator(s).
	inferred  19 Multiplexer(s).
	inferred   3 Combinational logic shifter(s).
Unit <alu> synthesized.

Synthesizing Unit <mux_from_dm_alu_to_RF>.
    Related source file is "C:\EXt\mux_from_dm_alu_to_RF.v".
    Found 32-bit adder for signal <PC[31]_GND_16_o_add_0_OUT> created at line 15.
    Found 32-bit adder for signal <PC[31]_C[31]_add_1_OUT> created at line 18.
    Found 32-bit 4-to-1 multiplexer for signal <WD> created at line 7.
    Summary:
	inferred   1 Adder/Subtractor(s).
	inferred   3 Multiplexer(s).
Unit <mux_from_dm_alu_to_RF> synthesized.

Synthesizing Unit <Counter_x>.
    Related source file is "C:\EXt\IO\Counter_3_IO.v".
WARNING:Xst:647 - Input <clk1> is never used. This port will be preserved and left unconnected if it belongs to a top-level block or it belongs to a sub-block and the hierarchy of this sub-block is preserved.
WARNING:Xst:647 - Input <clk2> is never used. This port will be preserved and left unconnected if it belongs to a top-level block or it belongs to a sub-block and the hierarchy of this sub-block is preserved.
WARNING:Xst:653 - Signal <counter1<32>> is used but never assigned. This sourceless signal will be automatically connected to value GND.
WARNING:Xst:653 - Signal <counter2<32>> is used but never assigned. This sourceless signal will be automatically connected to value GND.
    Found 24-bit register for signal <counter_Ctrl>.
    Found 33-bit register for signal <counter0>.
    Found 32-bit register for signal <counter0_Lock>.
    Found 1-bit register for signal <sq0>.
    Found 1-bit register for signal <M0>.
    Found 1-bit register for signal <clr0>.
    Found 33-bit subtractor for signal <counter0[32]_GND_18_o_sub_26_OUT> created at line 77.
    Found 33-bit 4-to-1 multiplexer for signal <counter_Ctrl[2]_counter0[32]_wide_mux_26_OUT> created at line 70.
    Found 1-bit comparator not equal for signal <n0017> created at line 76
    Summary:
	inferred   1 Adder/Subtractor(s).
	inferred  92 D-type flip-flop(s).
	inferred   1 Comparator(s).
	inferred   5 Multiplexer(s).
Unit <Counter_x> synthesized.

=========================================================================
HDL Synthesis Report

Macro Statistics
# Adders/Subtractors                                   : 5
 32-bit adder                                          : 3
 32-bit addsub                                         : 1
 33-bit subtractor                                     : 1
# Registers                                            : 9
 1-bit register                                        : 3
 1024-bit register                                     : 1
 24-bit register                                       : 1
 32-bit register                                       : 3
 33-bit register                                       : 1
# Comparators                                          : 5
 1-bit comparator greater                              : 2
 1-bit comparator not equal                            : 1
 31-bit comparator greater                             : 1
 32-bit comparator greater                             : 1
# Multiplexers                                         : 70
 1-bit 2-to-1 multiplexer                              : 1
 32-bit 2-to-1 multiplexer                             : 62
 32-bit 32-to-1 multiplexer                            : 2
 33-bit 2-to-1 multiplexer                             : 4
 33-bit 4-to-1 multiplexer                             : 1
# Logic shifters                                       : 3
 32-bit shifter arithmetic right                       : 1
 32-bit shifter logical left                           : 1
 32-bit shifter logical right                          : 1
# Xors                                                 : 1
 32-bit xor2                                           : 1

=========================================================================
INFO:Xst:1767 - HDL ADVISOR - Resource sharing has identified that some arithmetic operations in this design can share the same physical resources for reduced device utilization. For improved clock frequency you may try to disable resource sharing.

=========================================================================
*                       Advanced HDL Synthesis                          *
=========================================================================

Reading core <IO/SAnti_jitter.ngc>.
Reading core <IO/SEnter_2_32.ngc>.
Reading core <IO/SSeg7_Dev.ngc>.
Reading core <IO/MIO_BUS.ngc>.
Reading core <IO/Multi_8CH32.ngc>.
Reading core <IO/SPIO.ngc>.
Reading core <ipcore_dir/RAM_B.ngc>.
Reading core <ipcore_dir/ROM_D.ngc>.
Loading core <SAnti_jitter> for timing and area information for instance <U9>.
Loading core <SEnter_2_32> for timing and area information for instance <M4>.
Loading core <SSeg7_Dev> for timing and area information for instance <U6>.
Loading core <MIO_BUS> for timing and area information for instance <U4>.
Loading core <Multi_8CH32> for timing and area information for instance <U5>.
Loading core <SPIO> for timing and area information for instance <U7>.
Loading core <RAM_B> for timing and area information for instance <U3>.
Loading core <ROM_D> for timing and area information for instance <U2>.
WARNING:Xst:2677 - Node <counter_Ctrl_0> of sequential type is unconnected in block <U10>.
WARNING:Xst:2677 - Node <counter_Ctrl_3> of sequential type is unconnected in block <U10>.
WARNING:Xst:2677 - Node <counter_Ctrl_4> of sequential type is unconnected in block <U10>.
WARNING:Xst:2677 - Node <counter_Ctrl_5> of sequential type is unconnected in block <U10>.
WARNING:Xst:2677 - Node <counter_Ctrl_6> of sequential type is unconnected in block <U10>.
WARNING:Xst:2677 - Node <counter_Ctrl_7> of sequential type is unconnected in block <U10>.
WARNING:Xst:2677 - Node <counter_Ctrl_8> of sequential type is unconnected in block <U10>.
WARNING:Xst:2677 - Node <counter_Ctrl_9> of sequential type is unconnected in block <U10>.
WARNING:Xst:2677 - Node <counter_Ctrl_10> of sequential type is unconnected in block <U10>.
WARNING:Xst:2677 - Node <counter_Ctrl_11> of sequential type is unconnected in block <U10>.
WARNING:Xst:2677 - Node <counter_Ctrl_12> of sequential type is unconnected in block <U10>.
WARNING:Xst:2677 - Node <counter_Ctrl_13> of sequential type is unconnected in block <U10>.
WARNING:Xst:2677 - Node <counter_Ctrl_14> of sequential type is unconnected in block <U10>.
WARNING:Xst:2677 - Node <counter_Ctrl_15> of sequential type is unconnected in block <U10>.
WARNING:Xst:2677 - Node <counter_Ctrl_16> of sequential type is unconnected in block <U10>.
WARNING:Xst:2677 - Node <counter_Ctrl_17> of sequential type is unconnected in block <U10>.
WARNING:Xst:2677 - Node <counter_Ctrl_18> of sequential type is unconnected in block <U10>.
WARNING:Xst:2677 - Node <counter_Ctrl_19> of sequential type is unconnected in block <U10>.
WARNING:Xst:2677 - Node <counter_Ctrl_20> of sequential type is unconnected in block <U10>.
WARNING:Xst:2677 - Node <counter_Ctrl_21> of sequential type is unconnected in block <U10>.
WARNING:Xst:2677 - Node <counter_Ctrl_22> of sequential type is unconnected in block <U10>.
WARNING:Xst:2677 - Node <counter_Ctrl_23> of sequential type is unconnected in block <U10>.

Synthesizing (advanced) Unit <clk_div>.
The following registers are absorbed into counter <clkdiv>: 1 register on signal <clkdiv>.
Unit <clk_div> synthesized (advanced).
WARNING:Xst:2677 - Node <counter_Ctrl_0> of sequential type is unconnected in block <Counter_x>.
WARNING:Xst:2677 - Node <counter_Ctrl_3> of sequential type is unconnected in block <Counter_x>.
WARNING:Xst:2677 - Node <counter_Ctrl_4> of sequential type is unconnected in block <Counter_x>.
WARNING:Xst:2677 - Node <counter_Ctrl_5> of sequential type is unconnected in block <Counter_x>.
WARNING:Xst:2677 - Node <counter_Ctrl_6> of sequential type is unconnected in block <Counter_x>.
WARNING:Xst:2677 - Node <counter_Ctrl_7> of sequential type is unconnected in block <Counter_x>.
WARNING:Xst:2677 - Node <counter_Ctrl_8> of sequential type is unconnected in block <Counter_x>.
WARNING:Xst:2677 - Node <counter_Ctrl_9> of sequential type is unconnected in block <Counter_x>.
WARNING:Xst:2677 - Node <counter_Ctrl_10> of sequential type is unconnected in block <Counter_x>.
WARNING:Xst:2677 - Node <counter_Ctrl_11> of sequential type is unconnected in block <Counter_x>.
WARNING:Xst:2677 - Node <counter_Ctrl_12> of sequential type is unconnected in block <Counter_x>.
WARNING:Xst:2677 - Node <counter_Ctrl_13> of sequential type is unconnected in block <Counter_x>.
WARNING:Xst:2677 - Node <counter_Ctrl_14> of sequential type is unconnected in block <Counter_x>.
WARNING:Xst:2677 - Node <counter_Ctrl_15> of sequential type is unconnected in block <Counter_x>.
WARNING:Xst:2677 - Node <counter_Ctrl_16> of sequential type is unconnected in block <Counter_x>.
WARNING:Xst:2677 - Node <counter_Ctrl_17> of sequential type is unconnected in block <Counter_x>.
WARNING:Xst:2677 - Node <counter_Ctrl_18> of sequential type is unconnected in block <Counter_x>.
WARNING:Xst:2677 - Node <counter_Ctrl_19> of sequential type is unconnected in block <Counter_x>.
WARNING:Xst:2677 - Node <counter_Ctrl_20> of sequential type is unconnected in block <Counter_x>.
WARNING:Xst:2677 - Node <counter_Ctrl_21> of sequential type is unconnected in block <Counter_x>.
WARNING:Xst:2677 - Node <counter_Ctrl_22> of sequential type is unconnected in block <Counter_x>.
WARNING:Xst:2677 - Node <counter_Ctrl_23> of sequential type is unconnected in block <Counter_x>.

=========================================================================
Advanced HDL Synthesis Report

Macro Statistics
# Adders/Subtractors                                   : 4
 32-bit adder                                          : 2
 32-bit addsub                                         : 1
 33-bit subtractor                                     : 1
# Counters                                             : 1
 32-bit up counter                                     : 1
# Registers                                            : 1126
 Flip-Flops                                            : 1126
# Comparators                                          : 5
 1-bit comparator greater                              : 2
 1-bit comparator not equal                            : 1
 31-bit comparator greater                             : 1
 32-bit comparator greater                             : 1
# Multiplexers                                         : 133
 1-bit 2-to-1 multiplexer                              : 66
 32-bit 2-to-1 multiplexer                             : 62
 32-bit 32-to-1 multiplexer                            : 2
 33-bit 2-to-1 multiplexer                             : 2
 33-bit 4-to-1 multiplexer                             : 1
# Logic shifters                                       : 3
 32-bit shifter arithmetic right                       : 1
 32-bit shifter logical left                           : 1
 32-bit shifter logical right                          : 1
# Xors                                                 : 1
 32-bit xor2                                           : 1

=========================================================================

=========================================================================
*                         Low Level Synthesis                           *
=========================================================================

Optimizing unit <top> ...

Optimizing unit <sccpu> ...

Optimizing unit <RF> ...

Optimizing unit <ctrl> ...

Optimizing unit <alu> ...

Optimizing unit <Counter_x> ...

Mapping all equations...
Building and optimizing final netlist ...
Found area constraint ratio of 100 (+ 5) on block top, actual ratio is 4.

Final Macro Processing ...

=========================================================================
Final Register Report

Macro Statistics
# Registers                                            : 1158
 Flip-Flops                                            : 1158

=========================================================================

=========================================================================
*                           Partition Report                            *
=========================================================================

Partition Implementation Status
-------------------------------

  No Partitions were found in this design.

-------------------------------

=========================================================================
*                            Design Summary                             *
=========================================================================

Top Level Output File Name         : top.ngc

Primitive and Black Box Usage:
------------------------------
# BELS                             : 4653
#      AND2                        : 8
#      AND3                        : 88
#      AND4                        : 72
#      GND                         : 3
#      INV                         : 86
#      LUT1                        : 97
#      LUT2                        : 50
#      LUT3                        : 1256
#      LUT4                        : 329
#      LUT5                        : 400
#      LUT6                        : 1528
#      MUXCY                       : 274
#      MUXF7                       : 117
#      OR2                         : 56
#      OR3                         : 24
#      OR4                         : 32
#      VCC                         : 5
#      XORCY                       : 228
# FlipFlops/Latches                : 1537
#      FD                          : 190
#      FDC                         : 111
#      FDCE                        : 1063
#      FDCE_1                      : 15
#      FDE                         : 111
#      FDE_1                       : 14
#      FDPE_1                      : 3
#      FDR                         : 1
#      FDRE                        : 29
# RAMS                             : 1
#      RAMB36E1                    : 1
# Clock Buffers                    : 5
#      BUFG                        : 4
#      BUFGP                       : 1
# IO Buffers                       : 37
#      IBUF                        : 21
#      OBUF                        : 16

Device utilization summary:
---------------------------

Selected Device : 7k160tffg676-2l 


Slice Logic Utilization: 
 Number of Slice Registers:            1537  out of  202800     0%  
 Number of Slice LUTs:                 3746  out of  101400     3%  
    Number used as Logic:              3746  out of  101400     3%  

Slice Logic Distribution: 
 Number of LUT Flip Flop pairs used:   3859
   Number with an unused Flip Flop:    2322  out of   3859    60%  
   Number with an unused LUT:           113  out of   3859     2%  
   Number of fully used LUT-FF pairs:  1424  out of   3859    36%  
   Number of unique control sets:        28

IO Utilization: 
 Number of IOs:                          38
 Number of bonded IOBs:                  38  out of    400     9%  

Specific Feature Utilization:
 Number of Block RAM/FIFO:                1  out of    325     0%  
    Number using Block RAM only:          1
 Number of BUFG/BUFGCTRLs:                5  out of     32    15%  

---------------------------
Partition Resource Summary:
---------------------------

  No Partitions were found in this design.

---------------------------


=========================================================================
Timing Report

NOTE: THESE TIMING NUMBERS ARE ONLY A SYNTHESIS ESTIMATE.
      FOR ACCURATE TIMING INFORMATION PLEASE REFER TO THE TRACE REPORT
      GENERATED AFTER PLACE-and-ROUTE.

Clock Information:
------------------
---------------------------------------+----------------------------+-------+
Clock Signal                           | Clock buffer(FF name)      | Load  |
---------------------------------------+----------------------------+-------+
clk_100mhz                             | BUFGP                      | 262   |
Clk_CPU(U8/Mmux_Clk_CPU11:O)           | BUFG(*)(U1/U_PC/PC_31)     | 1056  |
U8/clkdiv_6                            | BUFG                       | 35    |
Clk_CPU_INV_249_o(Clk_CPU_INV_249_o1:O)| BUFG(*)(U10/counter_Ctrl_2)| 141   |
U9/clk1                                | BUFG                       | 41    |
M4/push(M4/push1:O)                    | NONE(*)(M4/state_0)        | 3     |
---------------------------------------+----------------------------+-------+
(*) These 3 clock signal(s) are generated by combinatorial logic,
and XST is not able to identify which are the primary clock signals.
Please use the CLOCK_SIGNAL constraint to specify the clock signal(s) generated by combinatorial logic.
INFO:Xst:2169 - HDL ADVISOR - Some clock signals were not automatically buffered by XST with BUFG/BUFR resources. Please use the buffer_type constraint in order to insert these buffers to the clock signals to help prevent skew problems.

Asynchronous Control Signals Information:
----------------------------------------
-----------------------------------+-----------------------------------------------------------------------------------------------------------------------------------------+-------+
Control Signal                     | Buffer(FF name)                                                                                                                         | Load  |
-----------------------------------+-----------------------------------------------------------------------------------------------------------------------------------------+-------+
U3/N1(U3/XST_GND:G)                | NONE(U3/U0/xst_blk_mem_generator/gnativebmg.native_blk_mem_gen/valid.cstr/ramloop[0].ram.r/v6_init.ram/NO_BMM_INFO.SP.SIMPLE_PRIM36.ram)| 2     |
-----------------------------------+-----------------------------------------------------------------------------------------------------------------------------------------+-------+

Timing Summary:
---------------
Speed Grade: -2

   Minimum period: 11.114ns (Maximum Frequency: 89.977MHz)
   Minimum input arrival time before clock: 2.109ns
   Maximum output required time after clock: 0.658ns
   Maximum combinational path delay: No path found

Timing Details:
---------------
All values displayed in nanoseconds (ns)

=========================================================================
Timing constraint: Default period analysis for Clock 'clk_100mhz'
  Clock period: 4.920ns (frequency: 203.264MHz)
  Total number of paths / destination ports: 12105 / 333
-------------------------------------------------------------------------
Delay:               4.920ns (Levels of Logic = 12)
  Source:            U9/SW_OK_5 (FF)
  Destination:       U6/M2/buffer_51 (FF)
  Source Clock:      clk_100mhz rising
  Destination Clock: clk_100mhz rising

  Data Path: U9/SW_OK_5 to U6/M2/buffer_51
                                Gate     Net
    Cell:in->out      fanout   Delay   Delay  Logical Name (Net Name)
    ----------------------------------------  ------------
     FDE:C->Q            100   0.236   0.547  SW_OK_5 (SW_OK<5>)
     end scope: 'U9:SW_OK<5>'
     begin scope: 'U4:SW<5>'
     LUT6:I4->O            2   0.043   0.527  Mmux_Cpu_data4bus281 (Cpu_data4bus<5>)
     end scope: 'U4:Cpu_data4bus<5>'
     begin scope: 'U5:data6<5>'
     LUT6:I2->O            1   0.043   0.000  MUX1_DispData/Mmux_o_327 (MUX1_DispData/Mmux_o_327)
     MUXF7:I1->O          13   0.178   0.407  MUX1_DispData/Mmux_o_2_f7_26 (Disp_num<5>)
     end scope: 'U5:Disp_num<5>'
     begin scope: 'U6:Hexs<5>'
     INV:I->O              8   0.054   0.642  SM1/HTS6/MSEG/XLXI_3 (SM1/HTS6/MSEG/XLXN_62)
     AND3:I1->O            1   0.043   0.613  SM1/HTS6/MSEG/XLXI_35 (SM1/HTS6/MSEG/XLXN_172)
     OR3:I0->O             1   0.043   0.603  SM1/HTS6/MSEG/XLXI_36 (SM1/HTS6/MSEG/XLXN_212)
     OR2:I1->O             1   0.043   0.405  SM1/HTS6/MSEG/XLXI_51 (XLXN_390<51>)
     LUT6:I4->O            1   0.043   0.405  M2/mux11011 (M2/state[1]_GND_3_o_wide_mux_15_OUT<51>)
     LUT3:I1->O            1   0.043   0.000  M2/buffer_51_rstpot (M2/buffer_51_rstpot)
     FD:D                     -0.000          M2/buffer_51
    ----------------------------------------
    Total                      4.920ns (0.769ns logic, 4.151ns route)
                                       (15.6% logic, 84.4% route)

=========================================================================
Timing constraint: Default period analysis for Clock 'Clk_CPU'
  Clock period: 11.114ns (frequency: 89.977MHz)
  Total number of paths / destination ports: 84546445139 / 2080
-------------------------------------------------------------------------
Delay:               11.114ns (Levels of Logic = 50)
  Source:            U1/U_PC/PC_5 (FF)
  Destination:       U1/U_PC/PC_31 (FF)
  Source Clock:      Clk_CPU rising
  Destination Clock: Clk_CPU rising

  Data Path: U1/U_PC/PC_5 to U1/U_PC/PC_31
                                Gate     Net
    Cell:in->out      fanout   Delay   Delay  Logical Name (Net Name)
    ----------------------------------------  ------------
     FDC:C->Q             70   0.236   0.740  U1/U_PC/PC_5 (U1/U_PC/PC_5)
     begin scope: 'U2:a<3>'
     LUT5:I0->O            1   0.043   0.603  U0/xst_options.dist_mem_inst/gen_rom.rom_inst/Mram_spo_int81112 (U0/xst_options.dist_mem_inst/gen_rom.rom_inst/Mram_spo_int11211)
     LUT6:I1->O            2   0.043   0.355  U0/xst_options.dist_mem_inst/gen_rom.rom_inst/Mram_spo_int81113 (U0/xst_options.dist_mem_inst/gen_rom.rom_inst/Mram_spo_int11212)
     LUT5:I4->O           19   0.043   0.451  U0/xst_options.dist_mem_inst/gen_rom.rom_inst/Mram_spo_int81115 (spo<2>)
     end scope: 'U2:spo<2>'
     LUT3:I2->O            1   0.043   0.350  U1/U_ctrl/EXTOp<3>1_SW2 (N185)
     LUT6:I5->O           16   0.043   0.686  U1/U_ctrl/EXTOp<3>1 (U1/EXTOp<3>)
     LUT6:I1->O           14   0.043   0.477  U1/U_EXT/_n0034<0>1 (U1/U_EXT/_n0034<0>)
     LUT4:I2->O            2   0.043   0.355  U1/U_EXT/immout<1>11_SW4 (N161)
     LUT6:I5->O            8   0.043   0.534  U1/U_mux_from_EXT_im_to_alu/Mmux_B81 (U1/B<16>)
     LUT6:I3->O            5   0.043   0.428  U1/U_alu/out2 (U1/U_alu/out1)
     LUT6:I4->O           27   0.043   0.479  U1/U_alu/out7 (U1/U_alu/_n0037)
     LUT3:I2->O           24   0.043   0.474  U1/U_alu/Mmux_C127921 (U1/U_alu/Mmux_C12675)
     LUT6:I5->O            1   0.043   0.350  U1/U_alu/Mmux_C12935 (U1/U_alu/Mmux_C12934)
     LUT6:I5->O            1   0.043   0.350  U1/U_alu/Mmux_C12936 (U1/U_alu/Mmux_C12935)
     LUT6:I5->O            6   0.043   0.378  U1/U_alu/Mmux_C12937 (Addr_out<8>)
     LUT3:I2->O            1   0.043   0.495  U1/U_alu/Zero<31>4_SW0 (N323)
     LUT6:I3->O            1   0.043   0.405  U1/U_alu/Zero<31>5 (U1/U_alu/Zero<31>4)
     LUT6:I4->O            1   0.043   0.350  U1/U_alu/Zero<31>7 (U1/Zero)
     LUT6:I5->O           60   0.043   0.485  U1/U_ctrl/NPCOp<0>1 (U1/NPCOp<0>)
     LUT4:I3->O            1   0.043   0.405  U1/U_NPC/Mmux_NPC3_A261 (U1/U_NPC/Mmux_NPC3_rs_A<3>)
     LUT6:I4->O            1   0.043   0.000  U1/U_NPC/Mmux_NPC3_rs_lut<3> (U1/U_NPC/Mmux_NPC3_rs_lut<3>)
     MUXCY:S->O            1   0.238   0.000  U1/U_NPC/Mmux_NPC3_rs_cy<3> (U1/U_NPC/Mmux_NPC3_rs_cy<3>)
     MUXCY:CI->O           1   0.013   0.000  U1/U_NPC/Mmux_NPC3_rs_cy<4> (U1/U_NPC/Mmux_NPC3_rs_cy<4>)
     MUXCY:CI->O           1   0.013   0.000  U1/U_NPC/Mmux_NPC3_rs_cy<5> (U1/U_NPC/Mmux_NPC3_rs_cy<5>)
     MUXCY:CI->O           1   0.013   0.000  U1/U_NPC/Mmux_NPC3_rs_cy<6> (U1/U_NPC/Mmux_NPC3_rs_cy<6>)
     MUXCY:CI->O           1   0.013   0.000  U1/U_NPC/Mmux_NPC3_rs_cy<7> (U1/U_NPC/Mmux_NPC3_rs_cy<7>)
     MUXCY:CI->O           1   0.013   0.000  U1/U_NPC/Mmux_NPC3_rs_cy<8> (U1/U_NPC/Mmux_NPC3_rs_cy<8>)
     MUXCY:CI->O           1   0.013   0.000  U1/U_NPC/Mmux_NPC3_rs_cy<9> (U1/U_NPC/Mmux_NPC3_rs_cy<9>)
     MUXCY:CI->O           1   0.013   0.000  U1/U_NPC/Mmux_NPC3_rs_cy<10> (U1/U_NPC/Mmux_NPC3_rs_cy<10>)
     MUXCY:CI->O           1   0.013   0.000  U1/U_NPC/Mmux_NPC3_rs_cy<11> (U1/U_NPC/Mmux_NPC3_rs_cy<11>)
     MUXCY:CI->O           1   0.013   0.000  U1/U_NPC/Mmux_NPC3_rs_cy<12> (U1/U_NPC/Mmux_NPC3_rs_cy<12>)
     MUXCY:CI->O           1   0.013   0.000  U1/U_NPC/Mmux_NPC3_rs_cy<13> (U1/U_NPC/Mmux_NPC3_rs_cy<13>)
     MUXCY:CI->O           1   0.014   0.000  U1/U_NPC/Mmux_NPC3_rs_cy<14> (U1/U_NPC/Mmux_NPC3_rs_cy<14>)
     MUXCY:CI->O           1   0.014   0.000  U1/U_NPC/Mmux_NPC3_rs_cy<15> (U1/U_NPC/Mmux_NPC3_rs_cy<15>)
     MUXCY:CI->O           1   0.014   0.000  U1/U_NPC/Mmux_NPC3_rs_cy<16> (U1/U_NPC/Mmux_NPC3_rs_cy<16>)
     MUXCY:CI->O           1   0.014   0.000  U1/U_NPC/Mmux_NPC3_rs_cy<17> (U1/U_NPC/Mmux_NPC3_rs_cy<17>)
     MUXCY:CI->O           1   0.014   0.000  U1/U_NPC/Mmux_NPC3_rs_cy<18> (U1/U_NPC/Mmux_NPC3_rs_cy<18>)
     MUXCY:CI->O           1   0.014   0.000  U1/U_NPC/Mmux_NPC3_rs_cy<19> (U1/U_NPC/Mmux_NPC3_rs_cy<19>)
     MUXCY:CI->O           1   0.014   0.000  U1/U_NPC/Mmux_NPC3_rs_cy<20> (U1/U_NPC/Mmux_NPC3_rs_cy<20>)
     MUXCY:CI->O           1   0.014   0.000  U1/U_NPC/Mmux_NPC3_rs_cy<21> (U1/U_NPC/Mmux_NPC3_rs_cy<21>)
     MUXCY:CI->O           1   0.014   0.000  U1/U_NPC/Mmux_NPC3_rs_cy<22> (U1/U_NPC/Mmux_NPC3_rs_cy<22>)
     MUXCY:CI->O           1   0.014   0.000  U1/U_NPC/Mmux_NPC3_rs_cy<23> (U1/U_NPC/Mmux_NPC3_rs_cy<23>)
     MUXCY:CI->O           1   0.014   0.000  U1/U_NPC/Mmux_NPC3_rs_cy<24> (U1/U_NPC/Mmux_NPC3_rs_cy<24>)
     MUXCY:CI->O           1   0.014   0.000  U1/U_NPC/Mmux_NPC3_rs_cy<25> (U1/U_NPC/Mmux_NPC3_rs_cy<25>)
     MUXCY:CI->O           1   0.014   0.000  U1/U_NPC/Mmux_NPC3_rs_cy<26> (U1/U_NPC/Mmux_NPC3_rs_cy<26>)
     MUXCY:CI->O           1   0.014   0.000  U1/U_NPC/Mmux_NPC3_rs_cy<27> (U1/U_NPC/Mmux_NPC3_rs_cy<27>)
     MUXCY:CI->O           1   0.014   0.000  U1/U_NPC/Mmux_NPC3_rs_cy<28> (U1/U_NPC/Mmux_NPC3_rs_cy<28>)
     MUXCY:CI->O           1   0.014   0.000  U1/U_NPC/Mmux_NPC3_rs_cy<29> (U1/U_NPC/Mmux_NPC3_rs_cy<29>)
     MUXCY:CI->O           0   0.014   0.000  U1/U_NPC/Mmux_NPC3_rs_cy<30> (U1/U_NPC/Mmux_NPC3_rs_cy<30>)
     XORCY:CI->O           1   0.262   0.000  U1/U_NPC/Mmux_NPC3_rs_xor<31> (U1/NPC<31>)
     FDC:D                    -0.000          U1/U_PC/PC_31
    ----------------------------------------
    Total                     11.114ns (1.961ns logic, 9.153ns route)
                                       (17.6% logic, 82.4% route)

=========================================================================
Timing constraint: Default period analysis for Clock 'U8/clkdiv_6'
  Clock period: 2.221ns (frequency: 450.288MHz)
  Total number of paths / destination ports: 787 / 36
-------------------------------------------------------------------------
Delay:               2.221ns (Levels of Logic = 35)
  Source:            U10/counter0_0 (FF)
  Destination:       U10/counter0_32 (FF)
  Source Clock:      U8/clkdiv_6 rising
  Destination Clock: U8/clkdiv_6 rising

  Data Path: U10/counter0_0 to U10/counter0_32
                                Gate     Net
    Cell:in->out      fanout   Delay   Delay  Logical Name (Net Name)
    ----------------------------------------  ------------
     FDC:C->Q              4   0.236   0.367  U10/counter0_0 (U10/counter0_0)
     LUT1:I0->O            1   0.043   0.000  U10/Msub_counter0[32]_GND_18_o_sub_26_OUT_cy<0>_rt (U10/Msub_counter0[32]_GND_18_o_sub_26_OUT_cy<0>_rt)
     MUXCY:S->O            1   0.238   0.000  U10/Msub_counter0[32]_GND_18_o_sub_26_OUT_cy<0> (U10/Msub_counter0[32]_GND_18_o_sub_26_OUT_cy<0>)
     MUXCY:CI->O           1   0.013   0.000  U10/Msub_counter0[32]_GND_18_o_sub_26_OUT_cy<1> (U10/Msub_counter0[32]_GND_18_o_sub_26_OUT_cy<1>)
     MUXCY:CI->O           1   0.013   0.000  U10/Msub_counter0[32]_GND_18_o_sub_26_OUT_cy<2> (U10/Msub_counter0[32]_GND_18_o_sub_26_OUT_cy<2>)
     MUXCY:CI->O           1   0.013   0.000  U10/Msub_counter0[32]_GND_18_o_sub_26_OUT_cy<3> (U10/Msub_counter0[32]_GND_18_o_sub_26_OUT_cy<3>)
     MUXCY:CI->O           1   0.013   0.000  U10/Msub_counter0[32]_GND_18_o_sub_26_OUT_cy<4> (U10/Msub_counter0[32]_GND_18_o_sub_26_OUT_cy<4>)
     MUXCY:CI->O           1   0.013   0.000  U10/Msub_counter0[32]_GND_18_o_sub_26_OUT_cy<5> (U10/Msub_counter0[32]_GND_18_o_sub_26_OUT_cy<5>)
     MUXCY:CI->O           1   0.013   0.000  U10/Msub_counter0[32]_GND_18_o_sub_26_OUT_cy<6> (U10/Msub_counter0[32]_GND_18_o_sub_26_OUT_cy<6>)
     MUXCY:CI->O           1   0.013   0.000  U10/Msub_counter0[32]_GND_18_o_sub_26_OUT_cy<7> (U10/Msub_counter0[32]_GND_18_o_sub_26_OUT_cy<7>)
     MUXCY:CI->O           1   0.013   0.000  U10/Msub_counter0[32]_GND_18_o_sub_26_OUT_cy<8> (U10/Msub_counter0[32]_GND_18_o_sub_26_OUT_cy<8>)
     MUXCY:CI->O           1   0.013   0.000  U10/Msub_counter0[32]_GND_18_o_sub_26_OUT_cy<9> (U10/Msub_counter0[32]_GND_18_o_sub_26_OUT_cy<9>)
     MUXCY:CI->O           1   0.013   0.000  U10/Msub_counter0[32]_GND_18_o_sub_26_OUT_cy<10> (U10/Msub_counter0[32]_GND_18_o_sub_26_OUT_cy<10>)
     MUXCY:CI->O           1   0.013   0.000  U10/Msub_counter0[32]_GND_18_o_sub_26_OUT_cy<11> (U10/Msub_counter0[32]_GND_18_o_sub_26_OUT_cy<11>)
     MUXCY:CI->O           1   0.013   0.000  U10/Msub_counter0[32]_GND_18_o_sub_26_OUT_cy<12> (U10/Msub_counter0[32]_GND_18_o_sub_26_OUT_cy<12>)
     MUXCY:CI->O           1   0.013   0.000  U10/Msub_counter0[32]_GND_18_o_sub_26_OUT_cy<13> (U10/Msub_counter0[32]_GND_18_o_sub_26_OUT_cy<13>)
     MUXCY:CI->O           1   0.013   0.000  U10/Msub_counter0[32]_GND_18_o_sub_26_OUT_cy<14> (U10/Msub_counter0[32]_GND_18_o_sub_26_OUT_cy<14>)
     MUXCY:CI->O           1   0.013   0.000  U10/Msub_counter0[32]_GND_18_o_sub_26_OUT_cy<15> (U10/Msub_counter0[32]_GND_18_o_sub_26_OUT_cy<15>)
     MUXCY:CI->O           1   0.013   0.000  U10/Msub_counter0[32]_GND_18_o_sub_26_OUT_cy<16> (U10/Msub_counter0[32]_GND_18_o_sub_26_OUT_cy<16>)
     MUXCY:CI->O           1   0.013   0.000  U10/Msub_counter0[32]_GND_18_o_sub_26_OUT_cy<17> (U10/Msub_counter0[32]_GND_18_o_sub_26_OUT_cy<17>)
     MUXCY:CI->O           1   0.013   0.000  U10/Msub_counter0[32]_GND_18_o_sub_26_OUT_cy<18> (U10/Msub_counter0[32]_GND_18_o_sub_26_OUT_cy<18>)
     MUXCY:CI->O           1   0.013   0.000  U10/Msub_counter0[32]_GND_18_o_sub_26_OUT_cy<19> (U10/Msub_counter0[32]_GND_18_o_sub_26_OUT_cy<19>)
     MUXCY:CI->O           1   0.013   0.000  U10/Msub_counter0[32]_GND_18_o_sub_26_OUT_cy<20> (U10/Msub_counter0[32]_GND_18_o_sub_26_OUT_cy<20>)
     MUXCY:CI->O           1   0.013   0.000  U10/Msub_counter0[32]_GND_18_o_sub_26_OUT_cy<21> (U10/Msub_counter0[32]_GND_18_o_sub_26_OUT_cy<21>)
     MUXCY:CI->O           1   0.013   0.000  U10/Msub_counter0[32]_GND_18_o_sub_26_OUT_cy<22> (U10/Msub_counter0[32]_GND_18_o_sub_26_OUT_cy<22>)
     MUXCY:CI->O           1   0.013   0.000  U10/Msub_counter0[32]_GND_18_o_sub_26_OUT_cy<23> (U10/Msub_counter0[32]_GND_18_o_sub_26_OUT_cy<23>)
     MUXCY:CI->O           1   0.013   0.000  U10/Msub_counter0[32]_GND_18_o_sub_26_OUT_cy<24> (U10/Msub_counter0[32]_GND_18_o_sub_26_OUT_cy<24>)
     MUXCY:CI->O           1   0.013   0.000  U10/Msub_counter0[32]_GND_18_o_sub_26_OUT_cy<25> (U10/Msub_counter0[32]_GND_18_o_sub_26_OUT_cy<25>)
     MUXCY:CI->O           1   0.013   0.000  U10/Msub_counter0[32]_GND_18_o_sub_26_OUT_cy<26> (U10/Msub_counter0[32]_GND_18_o_sub_26_OUT_cy<26>)
     MUXCY:CI->O           1   0.013   0.000  U10/Msub_counter0[32]_GND_18_o_sub_26_OUT_cy<27> (U10/Msub_counter0[32]_GND_18_o_sub_26_OUT_cy<27>)
     MUXCY:CI->O           1   0.013   0.000  U10/Msub_counter0[32]_GND_18_o_sub_26_OUT_cy<28> (U10/Msub_counter0[32]_GND_18_o_sub_26_OUT_cy<28>)
     MUXCY:CI->O           1   0.013   0.000  U10/Msub_counter0[32]_GND_18_o_sub_26_OUT_cy<29> (U10/Msub_counter0[32]_GND_18_o_sub_26_OUT_cy<29>)
     MUXCY:CI->O           1   0.013   0.000  U10/Msub_counter0[32]_GND_18_o_sub_26_OUT_cy<30> (U10/Msub_counter0[32]_GND_18_o_sub_26_OUT_cy<30>)
     MUXCY:CI->O           0   0.013   0.000  U10/Msub_counter0[32]_GND_18_o_sub_26_OUT_cy<31> (U10/Msub_counter0[32]_GND_18_o_sub_26_OUT_cy<31>)
     XORCY:CI->O           1   0.262   0.613  U10/Msub_counter0[32]_GND_18_o_sub_26_OUT_xor<32> (U10/counter0[32]_GND_18_o_sub_26_OUT<32>)
     LUT6:I0->O            1   0.043   0.000  U10/Mmux_counter_Ctrl[2]_counter0[32]_wide_mux_26_OUT262 (U10/counter_Ctrl[2]_counter0[32]_wide_mux_26_OUT<32>)
     FDC:D                    -0.000          U10/counter0_32
    ----------------------------------------
    Total                      2.221ns (1.240ns logic, 0.980ns route)
                                       (55.9% logic, 44.1% route)

=========================================================================
Timing constraint: Default period analysis for Clock 'Clk_CPU_INV_249_o'
  Clock period: 1.876ns (frequency: 533.120MHz)
  Total number of paths / destination ports: 385 / 80
-------------------------------------------------------------------------
Delay:               1.876ns (Levels of Logic = 2)
  Source:            U7/P2S_led/s_clk (FF)
  Destination:       U7/P2S_led/buffer_15 (FF)
  Source Clock:      Clk_CPU_INV_249_o rising
  Destination Clock: Clk_CPU_INV_249_o rising

  Data Path: U7/P2S_led/s_clk to U7/P2S_led/buffer_15
                                Gate     Net
    Cell:in->out      fanout   Delay   Delay  Logical Name (Net Name)
    ----------------------------------------  ------------
     FDC:C->Q              4   0.236   0.620  P2S_led/s_clk (led_clk)
     LUT5:I0->O            1   0.043   0.350  P2S_led/_n0103_inv1 (P2S_led/_n0103_inv1)
     LUT6:I5->O           16   0.043   0.422  P2S_led/_n0103_inv2 (P2S_led/_n0103_inv)
     FDE:CE                    0.161          P2S_led/buffer_0
    ----------------------------------------
    Total                      1.876ns (0.483ns logic, 1.393ns route)
                                       (25.7% logic, 74.3% route)

=========================================================================
Timing constraint: Default period analysis for Clock 'U9/clk1'
  Clock period: 2.152ns (frequency: 464.587MHz)
  Total number of paths / destination ports: 1454 / 90
-------------------------------------------------------------------------
Delay:               2.152ns (Levels of Logic = 7)
  Source:            U9/counter_8 (FF)
  Destination:       U9/Key_x_0 (FF)
  Source Clock:      U9/clk1 rising
  Destination Clock: U9/clk1 rising

  Data Path: U9/counter_8 to U9/Key_x_0
                                Gate     Net
    Cell:in->out      fanout   Delay   Delay  Logical Name (Net Name)
    ----------------------------------------  ------------
     FDRE:C->Q             3   0.236   0.615  counter_8 (counter<8>)
     LUT5:I0->O            1   0.043   0.000  Mcompar_counter[31]_GND_1_o_LessThan_5_o_lut<0> (Mcompar_counter[31]_GND_1_o_LessThan_5_o_lut<0>)
     MUXCY:S->O            1   0.238   0.000  Mcompar_counter[31]_GND_1_o_LessThan_5_o_cy<0> (Mcompar_counter[31]_GND_1_o_LessThan_5_o_cy<0>)
     MUXCY:CI->O           1   0.013   0.000  Mcompar_counter[31]_GND_1_o_LessThan_5_o_cy<1> (Mcompar_counter[31]_GND_1_o_LessThan_5_o_cy<1>)
     MUXCY:CI->O           1   0.013   0.000  Mcompar_counter[31]_GND_1_o_LessThan_5_o_cy<2> (Mcompar_counter[31]_GND_1_o_LessThan_5_o_cy<2>)
     MUXCY:CI->O           1   0.013   0.000  Mcompar_counter[31]_GND_1_o_LessThan_5_o_cy<3> (Mcompar_counter[31]_GND_1_o_LessThan_5_o_cy<3>)
     MUXCY:CI->O           8   0.013   0.378  Mcompar_counter[31]_GND_1_o_LessThan_5_o_cy<4> (Mcompar_counter[31]_GND_1_o_LessThan_5_o_cy<4>)
     INV:I->O              7   0.054   0.373  _n0225_inv1_cepot_INV_0 (_n0225_inv1_cepot)
     FDE:CE                    0.161          Key_x_0
    ----------------------------------------
    Total                      2.152ns (0.786ns logic, 1.366ns route)
                                       (36.5% logic, 63.5% route)

=========================================================================
Timing constraint: Default period analysis for Clock 'M4/push'
  Clock period: 1.069ns (frequency: 935.060MHz)
  Total number of paths / destination ports: 6 / 3
-------------------------------------------------------------------------
Delay:               1.069ns (Levels of Logic = 1)
  Source:            M4/state_0 (FF)
  Destination:       M4/state_0 (FF)
  Source Clock:      M4/push rising
  Destination Clock: M4/push rising

  Data Path: M4/state_0 to M4/state_0
                                Gate     Net
    Cell:in->out      fanout   Delay   Delay  Logical Name (Net Name)
    ----------------------------------------  ------------
     FDE:C->Q             19   0.236   0.440  state_0 (state<0>)
     INV:I->O              1   0.054   0.339  Result<0>1_INV_0 (Result<0>)
     FDE:D                    -0.000          state_0
    ----------------------------------------
    Total                      1.069ns (0.290ns logic, 0.779ns route)
                                       (27.1% logic, 72.9% route)

=========================================================================
Timing constraint: Default OFFSET IN BEFORE for Clock 'clk_100mhz'
  Total number of paths / destination ports: 1195 / 100
-------------------------------------------------------------------------
Offset:              2.089ns (Levels of Logic = 10)
  Source:            SW<2> (PAD)
  Destination:       U9/SW_OK_0 (FF)
  Destination Clock: clk_100mhz rising

  Data Path: SW<2> to U9/SW_OK_0
                                Gate     Net
    Cell:in->out      fanout   Delay   Delay  Logical Name (Net Name)
    ----------------------------------------  ------------
     IBUF:I->O             3   0.000   0.625  SW_2_IBUF (SW_2_IBUF)
     begin scope: 'U9:SW<2>'
     LUT6:I0->O            1   0.043   0.000  Mcompar_sw_temp[15]_SW[15]_not_equal_100_o_lut<0> (Mcompar_sw_temp[15]_SW[15]_not_equal_100_o_lut<0>)
     MUXCY:S->O            1   0.238   0.000  Mcompar_sw_temp[15]_SW[15]_not_equal_100_o_cy<0> (Mcompar_sw_temp[15]_SW[15]_not_equal_100_o_cy<0>)
     MUXCY:CI->O           1   0.013   0.000  Mcompar_sw_temp[15]_SW[15]_not_equal_100_o_cy<1> (Mcompar_sw_temp[15]_SW[15]_not_equal_100_o_cy<1>)
     MUXCY:CI->O           1   0.013   0.000  Mcompar_sw_temp[15]_SW[15]_not_equal_100_o_cy<2> (Mcompar_sw_temp[15]_SW[15]_not_equal_100_o_cy<2>)
     MUXCY:CI->O           1   0.013   0.000  Mcompar_sw_temp[15]_SW[15]_not_equal_100_o_cy<3> (Mcompar_sw_temp[15]_SW[15]_not_equal_100_o_cy<3>)
     MUXCY:CI->O           1   0.013   0.000  Mcompar_sw_temp[15]_SW[15]_not_equal_100_o_cy<4> (Mcompar_sw_temp[15]_SW[15]_not_equal_100_o_cy<4>)
     MUXCY:CI->O          43   0.013   0.471  Mcompar_sw_temp[15]_SW[15]_not_equal_100_o_cy<5> (sw_temp[15]_SW[15]_not_equal_100_o)
     INV:I->O             17   0.054   0.429  _n0243_inv1_cepot_cepot_INV_0 (_n0243_inv1_cepot_cepot)
     FDE:CE                    0.161          SW_OK_0
    ----------------------------------------
    Total                      2.089ns (0.563ns logic, 1.525ns route)
                                       (27.0% logic, 73.0% route)

=========================================================================
Timing constraint: Default OFFSET IN BEFORE for Clock 'U9/clk1'
  Total number of paths / destination ports: 176 / 41
-------------------------------------------------------------------------
Offset:              2.109ns (Levels of Logic = 6)
  Source:            BTN_y<3> (PAD)
  Destination:       U9/Key_x_1 (FF)
  Destination Clock: U9/clk1 rising

  Data Path: BTN_y<3> to U9/Key_x_1
                                Gate     Net
    Cell:in->out      fanout   Delay   Delay  Logical Name (Net Name)
    ----------------------------------------  ------------
     IBUF:I->O             6   0.000   0.550  BTN_y_3_IBUF (BTN_y_3_IBUF)
     begin scope: 'U9:Key_y<3>'
     LUT4:I0->O           12   0.043   0.674  out1 (n0016)
     LUT6:I0->O            3   0.043   0.362  _n0295<0>1 (_n0295<0>)
     LUT6:I5->O            1   0.043   0.350  Key_x[4]_PWR_1_o_select_74_OUT<1>1 (Key_x[4]_PWR_1_o_select_74_OUT<4>)
     LUT3:I2->O            1   0.043   0.000  Key_x_4_dpot (Key_x_4_dpot)
     FDE:D                    -0.000          Key_x_4
    ----------------------------------------
    Total                      2.109ns (0.172ns logic, 1.937ns route)
                                       (8.2% logic, 91.8% route)

=========================================================================
Timing constraint: Default OFFSET OUT AFTER for Clock 'U9/clk1'
  Total number of paths / destination ports: 6 / 6
-------------------------------------------------------------------------
Offset:              0.658ns (Levels of Logic = 2)
  Source:            U9/Key_x_4 (FF)
  Destination:       BTN_x<4> (PAD)
  Source Clock:      U9/clk1 rising

  Data Path: U9/Key_x_4 to BTN_x<4>
                                Gate     Net
    Cell:in->out      fanout   Delay   Delay  Logical Name (Net Name)
    ----------------------------------------  ------------
     FDE:C->Q             16   0.236   0.422  Key_x_4 (Key_x<4>)
     end scope: 'U9:Key_x<4>'
     OBUF:I->O                 0.000          BTN_x_4_OBUF (BTN_x<4>)
    ----------------------------------------
    Total                      0.658ns (0.236ns logic, 0.422ns route)
                                       (35.8% logic, 64.2% route)

=========================================================================
Timing constraint: Default OFFSET OUT AFTER for Clock 'clk_100mhz'
  Total number of paths / destination ports: 5 / 5
-------------------------------------------------------------------------
Offset:              0.625ns (Levels of Logic = 2)
  Source:            U6/M2/s_clk (FF)
  Destination:       seg_clk (PAD)
  Source Clock:      clk_100mhz rising

  Data Path: U6/M2/s_clk to seg_clk
                                Gate     Net
    Cell:in->out      fanout   Delay   Delay  Logical Name (Net Name)
    ----------------------------------------  ------------
     FDC:C->Q             10   0.236   0.389  M2/s_clk (seg_clk)
     end scope: 'U6:seg_clk'
     OBUF:I->O                 0.000          seg_clk_OBUF (seg_clk)
    ----------------------------------------
    Total                      0.625ns (0.236ns logic, 0.389ns route)
                                       (37.7% logic, 62.3% route)

=========================================================================
Timing constraint: Default OFFSET OUT AFTER for Clock 'Clk_CPU_INV_249_o'
  Total number of paths / destination ports: 3 / 3
-------------------------------------------------------------------------
Offset:              0.592ns (Levels of Logic = 2)
  Source:            U7/P2S_led/s_clk (FF)
  Destination:       led_clk (PAD)
  Source Clock:      Clk_CPU_INV_249_o rising

  Data Path: U7/P2S_led/s_clk to led_clk
                                Gate     Net
    Cell:in->out      fanout   Delay   Delay  Logical Name (Net Name)
    ----------------------------------------  ------------
     FDC:C->Q              4   0.236   0.356  P2S_led/s_clk (led_clk)
     end scope: 'U7:led_clk'
     OBUF:I->O                 0.000          led_clk_OBUF (led_clk)
    ----------------------------------------
    Total                      0.592ns (0.236ns logic, 0.356ns route)
                                       (39.9% logic, 60.1% route)

=========================================================================

Cross Clock Domains Report:
--------------------------

Clock to Setup on destination clock Clk_CPU
-----------------+---------+---------+---------+---------+
                 | Src:Rise| Src:Fall| Src:Rise| Src:Fall|
Source Clock     |Dest:Rise|Dest:Rise|Dest:Fall|Dest:Fall|
-----------------+---------+---------+---------+---------+
Clk_CPU          |   11.114|         |         |         |
Clk_CPU_INV_249_o|         |    1.669|         |         |
U8/clkdiv_6      |    1.800|         |         |         |
clk_100mhz       |    1.804|         |         |         |
-----------------+---------+---------+---------+---------+

Clock to Setup on destination clock Clk_CPU_INV_249_o
-----------------+---------+---------+---------+---------+
                 | Src:Rise| Src:Fall| Src:Rise| Src:Fall|
Source Clock     |Dest:Rise|Dest:Rise|Dest:Fall|Dest:Fall|
-----------------+---------+---------+---------+---------+
Clk_CPU          |    8.192|         |    8.545|         |
Clk_CPU_INV_249_o|    1.876|    0.908|         |         |
U8/clkdiv_6      |    0.806|         |         |         |
clk_100mhz       |    1.718|         |    1.499|         |
-----------------+---------+---------+---------+---------+

Clock to Setup on destination clock M4/push
---------------+---------+---------+---------+---------+
               | Src:Rise| Src:Fall| Src:Rise| Src:Fall|
Source Clock   |Dest:Rise|Dest:Rise|Dest:Fall|Dest:Fall|
---------------+---------+---------+---------+---------+
M4/push        |    1.069|         |         |         |
U9/clk1        |    0.818|         |         |         |
clk_100mhz     |    1.340|         |         |         |
---------------+---------+---------+---------+---------+

Clock to Setup on destination clock U8/clkdiv_6
-----------------+---------+---------+---------+---------+
                 | Src:Rise| Src:Fall| Src:Rise| Src:Fall|
Source Clock     |Dest:Rise|Dest:Rise|Dest:Fall|Dest:Fall|
-----------------+---------+---------+---------+---------+
Clk_CPU_INV_249_o|    1.912|         |         |         |
U8/clkdiv_6      |    2.221|         |         |         |
clk_100mhz       |    1.620|         |         |         |
-----------------+---------+---------+---------+---------+

Clock to Setup on destination clock U9/clk1
---------------+---------+---------+---------+---------+
               | Src:Rise| Src:Fall| Src:Rise| Src:Fall|
Source Clock   |Dest:Rise|Dest:Rise|Dest:Fall|Dest:Fall|
---------------+---------+---------+---------+---------+
U9/clk1        |    2.152|         |         |         |
clk_100mhz     |    1.292|         |         |         |
---------------+---------+---------+---------+---------+

Clock to Setup on destination clock clk_100mhz
-----------------+---------+---------+---------+---------+
                 | Src:Rise| Src:Fall| Src:Rise| Src:Fall|
Source Clock     |Dest:Rise|Dest:Rise|Dest:Fall|Dest:Fall|
-----------------+---------+---------+---------+---------+
Clk_CPU          |   12.330|         |    8.232|         |
Clk_CPU_INV_249_o|    4.153|    4.790|         |         |
M4/push          |    1.928|         |         |         |
U8/clkdiv_6      |    4.915|         |         |         |
U9/clk1          |    1.100|         |         |         |
clk_100mhz       |    4.920|         |         |         |
-----------------+---------+---------+---------+---------+

=========================================================================


Total REAL time to Xst completion: 24.00 secs
Total CPU time to Xst completion: 24.19 secs
 
--> 

Total memory usage is 4644380 kilobytes

Number of errors   :    0 (   0 filtered)
Number of warnings :   67 (   0 filtered)
Number of infos    :    9 (   0 filtered)

